            Type  Time(%)      Time     Calls       Avg       Min       Max  Name
 GPU activities:   38.38%  36.992ms        20  1.8496ms  1.0560us  34.886ms  [CUDA memcpy HtoD]
                   21.63%  20.851ms         1  20.851ms  20.851ms  20.851ms  volta_scudnn_128x32_relu_interior_nn_v1
                   19.86%  19.143ms         1  19.143ms  19.143ms  19.143ms  void cudnn::detail::implicit_convolve_sgemm<float, float, int=1024, int=5, int=5, int=3, int=3, int=3, int=1, bool=1, bool=0, bool=1>(int, int, int, float const *, int, float*, cudnn::detail::implicit_convolve_sgemm<float, float, int=1024, int=5, int=5, int=3, int=3, int=3, int=1, bool=1, bool=0, bool=1>*, kernel_conv_params, int, float, float, int, float, float, int, int)
                    7.74%  7.4643ms         2  3.7321ms  24.416us  7.4399ms  void cudnn::detail::activation_fw_4d_kernel<float, float, int=128, int=1, int=4, cudnn::detail::tanh_func<float>>(cudnnTensorStruct, float const *, cudnn::detail::activation_fw_4d_kernel<float, float, int=128, int=1, int=4, cudnn::detail::tanh_func<float>>, cudnnTensorStruct*, float, cudnnTensorStruct*, int, cudnnTensorStruct*)
                    7.06%  6.8053ms         1  6.8053ms  6.8053ms  6.8053ms  volta_sgemm_128x128_tn
                    4.60%  4.4349ms         1  4.4349ms  4.4349ms  4.4349ms  void cudnn::detail::pooling_fw_4d_kernel<float, float, cudnn::detail::maxpooling_func<float, cudnnNanPropagation_t=0>, int=0, bool=0>(cudnnTensorStruct, float const *, cudnn::detail::pooling_fw_4d_kernel<float, float, cudnn::detail::maxpooling_func<float, cudnnNanPropagation_t=0>, int=0, bool=0>, cudnnTensorStruct*, cudnnPoolingStruct, float, cudnnPoolingStruct, int, cudnn::reduced_divisor, float)
                    0.52%  502.49us         1  502.49us  502.49us  502.49us  void mshadow::cuda::MapPlanLargeKernel<mshadow::sv::saveto, int=8, int=1024, mshadow::expr::Plan<mshadow::Tensor<mshadow::gpu, int=2, float>, float>, mshadow::expr::Plan<mshadow::expr::ScalarExp<float>, float>>(mshadow::gpu, unsigned int, mshadow::Shape<int=2>, int=2, int)
                    0.07%  67.968us         1  67.968us  67.968us  67.968us  void mshadow::cuda::SoftmaxKernel<int=8, float, mshadow::expr::Plan<mshadow::Tensor<mshadow::gpu, int=2, float>, float>, mshadow::expr::Plan<mshadow::Tensor<mshadow::gpu, int=2, float>, float>>(mshadow::gpu, int=2, unsigned int)
                    0.05%  51.840us        13  3.9870us  1.0560us  19.264us  void mshadow::cuda::MapPlanKernel<mshadow::sv::saveto, int=8, mshadow::expr::Plan<mshadow::Tensor<mshadow::gpu, int=2, float>, float>, mshadow::expr::Plan<mshadow::expr::ScalarExp<float>, float>>(mshadow::gpu, unsigned int, mshadow::Shape<int=2>, int=2)
                    0.03%  30.368us         1  30.368us  30.368us  30.368us  volta_sgemm_32x32_sliced1x4_tn
                    0.02%  24.096us         2  12.048us  2.3040us  21.792us  void mshadow::cuda::MapPlanKernel<mshadow::sv::plusto, int=8, mshadow::expr::Plan<mshadow::Tensor<mshadow::gpu, int=2, float>, float>, mshadow::expr::Plan<mshadow::expr::Broadcast1DExp<mshadow::Tensor<mshadow::gpu, int=1, float>, float, int=2, int=1>, float>>(mshadow::gpu, unsigned int, mshadow::Shape<int=2>, int=2)
                    0.01%  8.0640us         8  1.0080us     928ns  1.3440us  [CUDA memset]
                    0.01%  7.2000us         1  7.2000us  7.2000us  7.2000us  [CUDA memcpy DtoH]
                    0.00%  4.8000us         1  4.8000us  4.8000us  4.8000us  void mshadow::cuda::MapPlanKernel<mshadow::sv::saveto, int=8, mshadow::expr::Plan<mshadow::Tensor<mshadow::gpu, int=2, float>, float>, mshadow::expr::Plan<mshadow::expr::ReduceWithAxisExp<mshadow::red::maximum, mshadow::Tensor<mshadow::gpu, int=3, float>, float, int=3, bool=1, int=2>, float>>(mshadow::gpu, unsigned int, mshadow::Shape<int=2>, int=2)
                    0.00%  2.1760us         1  2.1760us  2.1760us  2.1760us  cudnn::gemm::computeOffsetsKernel(cudnn::gemm::ComputeOffsetsParams)
      API calls:   40.46%  2.78346s        22  126.52ms  13.115us
1.43453s  cudaStreamCreateWithFlags
                   34.14%  2.34877s        24  97.865ms  67.252us  2.34370s  cudaMemGetInfo
                   21.88%  1.50536s        19  79.230ms     312ns  392.03ms  cudaFree
                    1.08%  74.272ms         9  8.2524ms  31.554us  34.910ms  cudaMemcpy2DAsync
                    0.77%  53.189ms        29  1.8341ms  3.1880us  24.507ms  cudaStreamSynchronize
                    0.60%  41.490ms        12  3.4575ms  5.2620us  41.108ms  cudaMemcpy
                    0.39%  26.696ms         6  4.4494ms     681ns  26.677ms  cudaEventCreate
                    0.26%  17.705ms        68  260.37us  4.7220us  4.4972ms  cudaMalloc
                    0.22%  15.317ms       384  39.886us     274ns  10.180ms  cudaFuncSetAttribute
                    0.07%  4.7143ms         4  1.1786ms  424.35us  1.7396ms  cudaGetDeviceProperties
                    0.03%  2.3232ms       375  6.1950us     100ns  331.85us  cuDeviceGetAttribute
                    0.03%  1.8831ms       216  8.7170us     330ns  458.86us  cudaEventCreateWithFlags
                    0.01%  763.36us         2  381.68us  47.438us  715.92us  cudaHostAlloc
                    0.01%  677.18us         4  169.29us  92.385us  306.56us  cuDeviceTotalMem
                    0.01%  502.51us        26  19.327us  7.2330us  88.612us  cudaLaunchKernel
                    0.01%  481.17us         4  120.29us  71.680us  145.96us  cudaStreamCreate
                    0.01%  420.38us         8  52.547us  8.9540us  196.73us  cudaMemsetAsync
                    0.00%  266.54us         4  66.634us  44.100us  103.34us  cuDeviceGetName
                    0.00%  229.77us         8  28.721us  12.902us  70.721us  cudaStreamCreateWithPriority
                    0.00%  162.65us       214     760ns     188ns  16.327us  cudaDeviceGetAttribute
                    0.00%  104.01us        32  3.2500us     345ns  10.656us  cudaSetDevice
                    0.00%  28.332us        18  1.5740us     217ns  3.0160us  cudaGetDevice
                    0.00%  10.925us         1  10.925us  10.925us  10.925us  cudaBindTexture
                    0.00%  9.3260us         2  4.6630us  4.0020us  5.3240us  cudaEventRecord
                    0.00%  5.1660us        18     287ns     118ns     593ns  cudaPeekAtLastError
                    0.00%  4.6260us         2  2.3130us  1.8980us  2.7280us  cudaHostGetDevicePointer
                    0.00%  3.7350us         6     622ns     214ns  1.7100us  cuDeviceGetCount
                    0.00%  3.3520us         2  1.6760us     908ns  2.4440us  cudaDeviceGetStreamPriorityRange
                    0.00%  3.2500us         1  3.2500us  3.2500us  3.2500us  cuDeviceGetPCIBusId
                    0.00%  2.9980us         9     333ns      78ns     770ns  cudaGetLastError
                    0.00%  2.7340us         1  2.7340us  2.7340us  2.7340us  cudaUnbindTexture
                    0.00%  2.5830us         3     861ns     592ns  1.3080us  cuInit
                    0.00%  2.4910us         4     622ns     348ns  1.2010us  cudaGetDeviceCount
                    0.00%  2.3870us         5     477ns     222ns     969ns  cuDeviceGet
                    0.00%  1.7410us         3     580ns     322ns  1.0840us  cuDriverGetVersion